2025-09-08 20:48:24.322  INFO 18372 --- [restartedMain] (system) c.example.MyProjectBackendApplication    : Starting MyProjectBackendApplication using Java 24.0.2 with PID 18372 (C:\Users\25011\Desktop\my-project\my-project-backend\target\classes started by 25011 in C:\Users\25011\Desktop\my-project)
2025-09-08 20:48:24.324  INFO 18372 --- [restartedMain] (system) c.example.MyProjectBackendApplication    : The following 1 profile is active: "dev"
2025-09-08 20:48:24.391  INFO 18372 --- [restartedMain] (system) .e.DevToolsPropertyDefaultsPostProcessor : Devtools property defaults active! Set 'spring.devtools.add-properties' to 'false' to disable
2025-09-08 20:48:24.392  INFO 18372 --- [restartedMain] (system) .e.DevToolsPropertyDefaultsPostProcessor : For additional web related logging consider setting the 'logging.level.web' property to 'DEBUG'
2025-09-08 20:48:25.135  INFO 18624 --- [restartedMain] (system) c.example.MyProjectBackendApplication    : Starting MyProjectBackendApplication using Java 24.0.2 with PID 18624 (C:\Users\25011\Desktop\my-project\my-project-backend\target\classes started by 25011 in C:\Users\25011\Desktop\my-project)
2025-09-08 20:48:25.136  INFO 18624 --- [restartedMain] (system) c.example.MyProjectBackendApplication    : The following 1 profile is active: "dev"
2025-09-08 20:48:25.182  INFO 18624 --- [restartedMain] (system) .e.DevToolsPropertyDefaultsPostProcessor : Devtools property defaults active! Set 'spring.devtools.add-properties' to 'false' to disable
2025-09-08 20:48:25.182  INFO 18624 --- [restartedMain] (system) .e.DevToolsPropertyDefaultsPostProcessor : For additional web related logging consider setting the 'logging.level.web' property to 'DEBUG'
2025-09-08 20:48:25.630  INFO 18372 --- [restartedMain] (system) .s.d.r.c.RepositoryConfigurationDelegate : Multiple Spring Data modules found, entering strict repository configuration mode
2025-09-08 20:48:25.633  INFO 18372 --- [restartedMain] (system) .s.d.r.c.RepositoryConfigurationDelegate : Bootstrapping Spring Data Redis repositories in DEFAULT mode.
2025-09-08 20:48:25.672  INFO 18372 --- [restartedMain] (system) .s.d.r.c.RepositoryConfigurationDelegate : Finished Spring Data repository scanning in 14 ms. Found 0 Redis repository interfaces.
2025-09-08 20:48:26.035  INFO 18624 --- [restartedMain] (system) .s.d.r.c.RepositoryConfigurationDelegate : Multiple Spring Data modules found, entering strict repository configuration mode
2025-09-08 20:48:26.037  INFO 18624 --- [restartedMain] (system) .s.d.r.c.RepositoryConfigurationDelegate : Bootstrapping Spring Data Redis repositories in DEFAULT mode.
2025-09-08 20:48:26.068  INFO 18624 --- [restartedMain] (system) .s.d.r.c.RepositoryConfigurationDelegate : Finished Spring Data repository scanning in 14 ms. Found 0 Redis repository interfaces.
2025-09-08 20:48:26.673  INFO 18372 --- [restartedMain] (system) o.s.b.w.embedded.tomcat.TomcatWebServer  : Tomcat initialized with port 8080 (http)
2025-09-08 20:48:26.691  INFO 18372 --- [restartedMain] (system) o.apache.catalina.core.StandardService   : Starting service [Tomcat]
2025-09-08 20:48:26.692  INFO 18372 --- [restartedMain] (system) o.apache.catalina.core.StandardEngine    : Starting Servlet engine: [Apache Tomcat/10.1.44]
2025-09-08 20:48:26.734  INFO 18624 --- [restartedMain] (system) o.s.b.w.embedded.tomcat.TomcatWebServer  : Tomcat initialized with port 8080 (http)
2025-09-08 20:48:26.742  INFO 18372 --- [restartedMain] (system) o.a.c.c.C.[Tomcat].[localhost].[/]       : Initializing Spring embedded WebApplicationContext
2025-09-08 20:48:26.742  INFO 18372 --- [restartedMain] (system) w.s.c.ServletWebServerApplicationContext : Root WebApplicationContext: initialization completed in 2349 ms
2025-09-08 20:48:26.747  INFO 18624 --- [restartedMain] (system) o.apache.catalina.core.StandardService   : Starting service [Tomcat]
2025-09-08 20:48:26.747  INFO 18624 --- [restartedMain] (system) o.apache.catalina.core.StandardEngine    : Starting Servlet engine: [Apache Tomcat/10.1.44]
2025-09-08 20:48:26.790  INFO 18624 --- [restartedMain] (system) o.a.c.c.C.[Tomcat].[localhost].[/]       : Initializing Spring embedded WebApplicationContext
2025-09-08 20:48:26.791  INFO 18624 --- [restartedMain] (system) w.s.c.ServletWebServerApplicationContext : Root WebApplicationContext: initialization completed in 1608 ms
2025-09-08 20:48:27.765  INFO 18624 --- [restartedMain] (system) com.example.config.MinioConfiguration    : Init minio client
2025-09-08 20:48:27.767  INFO 18372 --- [restartedMain] (system) com.example.config.MinioConfiguration    : Init minio client
2025-09-08 20:48:27.900  WARN 18624 --- [restartedMain] (system) c.b.m.core.metadata.TableInfoHelper      : Can not find table primary key in Class: "com.example.entity.dto.StoreImage".
2025-09-08 20:48:27.900  WARN 18624 --- [restartedMain] (system) c.b.m.core.injector.DefaultSqlInjector   : class com.example.entity.dto.StoreImage ,Not found @TableId annotation, Cannot use Mybatis-Plus 'xxById' Method.
2025-09-08 20:48:27.906  WARN 18372 --- [restartedMain] (system) c.b.m.core.metadata.TableInfoHelper      : Can not find table primary key in Class: "com.example.entity.dto.StoreImage".
2025-09-08 20:48:27.906  WARN 18372 --- [restartedMain] (system) c.b.m.core.injector.DefaultSqlInjector   : class com.example.entity.dto.StoreImage ,Not found @TableId annotation, Cannot use Mybatis-Plus 'xxById' Method.
2025-09-08 20:48:28.016  INFO 18624 --- [restartedMain] (system) r$InitializeUserDetailsManagerConfigurer : Global AuthenticationManager configured with UserDetailsService bean with name accountServiceImpl
2025-09-08 20:48:28.025  INFO 18372 --- [restartedMain] (system) r$InitializeUserDetailsManagerConfigurer : Global AuthenticationManager configured with UserDetailsService bean with name accountServiceImpl
2025-09-08 20:48:28.367  INFO 18624 --- [restartedMain] (system) m.e.s.MybatisPlusApplicationContextAware : Register ApplicationContext instances org.springframework.boot.web.servlet.context.AnnotationConfigServletWebServerApplicationContext@45774eed
2025-09-08 20:48:28.369  INFO 18372 --- [restartedMain] (system) m.e.s.MybatisPlusApplicationContextAware : Register ApplicationContext instances org.springframework.boot.web.servlet.context.AnnotationConfigServletWebServerApplicationContext@15b8854
2025-09-08 20:48:28.624  INFO 18624 --- [restartedMain] (system) o.s.b.d.a.OptionalLiveReloadServer       : LiveReload server is running on port 35729
2025-09-08 20:48:28.629  WARN 18372 --- [restartedMain] (system) o.s.b.d.a.OptionalLiveReloadServer       : Unable to start LiveReload server
2025-09-08 20:48:28.700  INFO 18624 --- [restartedMain] (system) o.s.b.w.embedded.tomcat.TomcatWebServer  : Tomcat started on port 8080 (http) with context path '/'
2025-09-08 20:48:28.702  INFO 18624 --- [restartedMain] (system) o.s.a.r.c.CachingConnectionFactory       : Attempting to connect to: [localhost:5672]
2025-09-08 20:48:28.705  WARN 18372 --- [restartedMain] (system) ConfigServletWebServerApplicationContext : Exception encountered during context initialization - cancelling refresh attempt: org.springframework.context.ApplicationContextException: Failed to start bean 'webServerStartStop'
2025-09-08 20:48:28.724  INFO 18372 --- [restartedMain] (system) .s.b.a.l.ConditionEvaluationReportLogger : 

Error starting ApplicationContext. To display the condition evaluation report re-run your application with 'debug' enabled.
2025-09-08 20:48:28.746 ERROR 18372 --- [restartedMain] (system) o.s.b.d.LoggingFailureAnalysisReporter   : 

***************************
APPLICATION FAILED TO START
***************************

Description:

Web server failed to start. Port 8080 was already in use.

Action:

Identify and stop the process that's listening on port 8080 or configure this application to listen on another port.

2025-09-08 20:48:28.878  INFO 18624 --- [restartedMain] (system) o.s.a.r.c.CachingConnectionFactory       : Created new connection: rabbitConnectionFactory#714b13ed:0/SimpleConnection@31c6408 [delegate=amqp://admin@127.0.0.1:5672/, localPort=54526]
2025-09-08 20:48:28.924  INFO 18624 --- [restartedMain] (system) c.example.MyProjectBackendApplication    : Started MyProjectBackendApplication in 4.433 seconds (process running for 5.24)
2025-09-08 20:48:36.143  INFO 18624 --- [org.springframework.amqp.rabbit.RabbitListenerEndpointContainer#0-2] (system) o.s.a.r.l.SimpleMessageListenerContainer : Waiting for workers to finish.
2025-09-08 20:48:36.924  INFO 18624 --- [org.springframework.amqp.rabbit.RabbitListenerEndpointContainer#0-2] (system) o.s.a.r.l.SimpleMessageListenerContainer : Successfully waited for workers to finish.
2025-09-08 20:48:36.925  INFO 18624 --- [SpringApplicationShutdownHook] (system) o.s.b.w.e.tomcat.GracefulShutdown        : Commencing graceful shutdown. Waiting for active requests to complete
2025-09-08 20:48:36.930  INFO 18624 --- [tomcat-shutdown] (system) o.s.b.w.e.tomcat.GracefulShutdown        : Graceful shutdown complete
